0 info it worked if it ends with ok
1 verbose cli [ 'C:\\Program Files\\nodejs\\node.exe',
1 verbose cli   'C:\\Program Files\\nodejs\\node_modules\\npm\\bin\\npm-cli.js',
1 verbose cli   'start' ]
2 info using npm@3.10.10
3 info using node@v6.9.4
4 verbose run-script [ 'prestart', 'start', 'poststart' ]
5 info lifecycle postit@1.0.0~prestart: postit@1.0.0
6 silly lifecycle postit@1.0.0~prestart: no script for prestart, continuing
7 info lifecycle postit@1.0.0~start: postit@1.0.0
8 verbose lifecycle postit@1.0.0~start: unsafe-perm in lifecycle true
9 verbose lifecycle postit@1.0.0~start: PATH: C:\Program Files\nodejs\node_modules\npm\bin\node-gyp-bin;C:\Users\SHALOM\Documents\Repositories\PostIt\node_modules\.bin;C:\Users\SHALOM\bin;C:\Program Files\Git\mingw64\bin;C:\Program Files\Git\usr\local\bin;C:\Program Files\Git\usr\bin;C:\Program Files\Git\usr\bin;C:\Program Files\Git\mingw64\bin;C:\Program Files\Git\usr\bin;C:\Users\SHALOM\bin;C:\ProgramData\Oracle\Java\javapath;%CommonProgramFiles%\Microsoft Shared\Windows Live;C:\Windows\system32;C:\Windows;C:\Windows\System32\Wbem;C:\Windows\System32\WindowsPowerShell\v1.0;C:\Python27;C:\Program Files (x86)\Skype\Phone;C:\Program Files\nodejs;C:\Program Files\PuTTY;C:\MongoDB;C:\Users\SHALOM\AppData\Roaming\npm;C:\Program Files (x86)\Microsoft VS Code\bin;C:\Program Files\MongoDB\Server\3.4\bin;C:\Program Files\Heroku\bin;C:\Program Files\Git\usr\bin\vendor_perl;C:\Program Files\Git\usr\bin\core_perl
10 verbose lifecycle postit@1.0.0~start: CWD: C:\Users\SHALOM\Documents\Repositories\PostIt
11 silly lifecycle postit@1.0.0~start: Args: [ '/d /s /c', 'node server/app.js' ]
12 silly lifecycle postit@1.0.0~start: Returned: code: 1  signal: null
13 info lifecycle postit@1.0.0~start: Failed to exec start script
14 verbose stack Error: postit@1.0.0 start: `node server/app.js`
14 verbose stack Exit status 1
14 verbose stack     at EventEmitter.<anonymous> (C:\Program Files\nodejs\node_modules\npm\lib\utils\lifecycle.js:255:16)
14 verbose stack     at emitTwo (events.js:106:13)
14 verbose stack     at EventEmitter.emit (events.js:191:7)
14 verbose stack     at ChildProcess.<anonymous> (C:\Program Files\nodejs\node_modules\npm\lib\utils\spawn.js:40:14)
14 verbose stack     at emitTwo (events.js:106:13)
14 verbose stack     at ChildProcess.emit (events.js:191:7)
14 verbose stack     at maybeClose (internal/child_process.js:877:16)
14 verbose stack     at Process.ChildProcess._handle.onexit (internal/child_process.js:226:5)
15 verbose pkgid postit@1.0.0
16 verbose cwd C:\Users\SHALOM\Documents\Repositories\PostIt\server
17 error Windows_NT 6.1.7600
18 error argv "C:\\Program Files\\nodejs\\node.exe" "C:\\Program Files\\nodejs\\node_modules\\npm\\bin\\npm-cli.js" "start"
19 error node v6.9.4
20 error npm  v3.10.10
21 error code ELIFECYCLE
22 error postit@1.0.0 start: `node server/app.js`
22 error Exit status 1
23 error Failed at the postit@1.0.0 start script 'node server/app.js'.
23 error Make sure you have the latest version of node.js and npm installed.
23 error If you do, this is most likely a problem with the postit package,
23 error not with npm itself.
23 error Tell the author that this fails on your system:
23 error     node server/app.js
23 error You can get information on how to open an issue for this project with:
23 error     npm bugs postit
23 error Or if that isn't available, you can get their info via:
23 error     npm owner ls postit
23 error There is likely additional logging output above.
24 verbose exit [ 1, true ]
